<?xml version="1.0" encoding="UTF-8"?>
<!-- Generated by org.testng.reporters.JUnitReportReporter -->
<testsuite hostname="DESKTOP-PQRNELH" failures="0" tests="10" name="test.AvTest" time="50.960" errors="0" timestamp="2022-12-17T01:32:39 MSK" skipped="0">
  <testcase classname="test.AvTest" name="SearchAutoAudi" time="4.004"/>
  <system-out/>
  <testcase classname="test.AvTest" name="SaveSerachParametrs" time="5.123"/>
  <system-out/>
  <testcase classname="test.AvTest" name="BookmarkСars" time="6.595"/>
  <system-out/>
  <testcase classname="test.AvTest" name="AddCommentToAd" time="5.140"/>
  <system-out/>
  <testcase classname="test.AvTest" name="SerchNewAdsAutoSound" time="4.609"/>
  <system-out/>
  <testcase classname="test.AvTest" name="CheapAdsFromDriveMotors" time="4.787"/>
  <system-out/>
  <testcase classname="test.AvTest" name="HowMuchPerMonthIsTheLeasingFee" time="3.285"/>
  <system-out/>
  <testcase classname="test.AvTest" name="SearchAutoAudiAndBMWAndMercedes" time="5.928"/>
  <system-out/>
  <testcase classname="test.AvTest" name="complaintForAds" time="6.978"/>
  <system-out/>
  <testcase classname="test.AvTest" name="SearchTermNumberInThePage" time="4.511"/>
  <system-out/>
</testsuite> <!-- test.AvTest -->
