<?xml version="1.0" encoding="UTF-8"?>
<!-- Generated by org.testng.reporters.JUnitReportReporter -->
<testsuite hostname="DESKTOP-PQRNELH" failures="0" tests="10" name="test.AvTest" time="57.558" errors="0" timestamp="2022-12-17T03:54:21 MSK" skipped="0">
  <testcase classname="test.AvTest" name="CheapAdsFromDriveMotors" time="4.723"/>
  <system-out/>
  <testcase classname="test.AvTest" name="SearchTermNumberInThePage" time="4.526"/>
  <system-out/>
  <testcase classname="test.AvTest" name="BookmarkСars" time="7.674"/>
  <system-out/>
  <testcase classname="test.AvTest" name="HowMuchPerMonthIsTheLeasingFee" time="2.882"/>
  <system-out/>
  <testcase classname="test.AvTest" name="SerchNewAdsAutoSound" time="5.984"/>
  <system-out/>
  <testcase classname="test.AvTest" name="complaintForAds" time="6.973"/>
  <system-out/>
  <testcase classname="test.AvTest" name="SaveSerachParametrs" time="6.674"/>
  <system-out/>
  <testcase classname="test.AvTest" name="AddCommentToAd" time="7.603"/>
  <system-out/>
  <testcase classname="test.AvTest" name="SearchAutoAudi" time="3.917"/>
  <system-out/>
  <testcase classname="test.AvTest" name="SearchAutoAudiAndBMWAndMercedes" time="6.602"/>
  <system-out/>
</testsuite> <!-- test.AvTest -->
