<?xml version="1.0" encoding="UTF-8"?>
<!-- Generated by org.testng.reporters.JUnitXMLReporter -->
<testsuite ignored="0" hostname="DESKTOP-PQRNELH" failures="0" tests="10" name="Command line test" time="57.588" errors="0" timestamp="2022-12-17T03:54:21 MSK">
  <testcase classname="test.AvTest" name="AddCommentToAd" time="6.729"/>
  <testcase classname="test.AvTest" name="BookmarkСars" time="6.75"/>
  <testcase classname="test.AvTest" name="CheapAdsFromDriveMotors" time="3.848"/>
  <testcase classname="test.AvTest" name="HowMuchPerMonthIsTheLeasingFee" time="1.932"/>
  <testcase classname="test.AvTest" name="SaveSerachParametrs" time="5.777"/>
  <testcase classname="test.AvTest" name="SearchAutoAudi" time="3.045"/>
  <testcase classname="test.AvTest" name="SearchAutoAudiAndBMWAndMercedes" time="5.698"/>
  <testcase classname="test.AvTest" name="SearchTermNumberInThePage" time="3.658"/>
  <testcase classname="test.AvTest" name="SerchNewAdsAutoSound" time="4.185"/>
  <testcase classname="test.AvTest" name="complaintForAds" time="6.116"/>
</testsuite> <!-- Command line test -->
