<?xml version="1.0" encoding="UTF-8"?>
<!-- Generated by org.testng.reporters.JUnitXMLReporter -->
<testsuite ignored="0" hostname="DESKTOP-PQRNELH" failures="0" tests="10" name="Command line test" time="50.99" errors="0" timestamp="2022-12-17T01:32:39 MSK">
  <testcase classname="test.AvTest" name="AddCommentToAd" time="4.279"/>
  <testcase classname="test.AvTest" name="BookmarkСars" time="5.676"/>
  <testcase classname="test.AvTest" name="CheapAdsFromDriveMotors" time="3.893"/>
  <testcase classname="test.AvTest" name="HowMuchPerMonthIsTheLeasingFee" time="2.281"/>
  <testcase classname="test.AvTest" name="SaveSerachParametrs" time="4.249"/>
  <testcase classname="test.AvTest" name="SearchAutoAudi" time="3.097"/>
  <testcase classname="test.AvTest" name="SearchAutoAudiAndBMWAndMercedes" time="5.08"/>
  <testcase classname="test.AvTest" name="SearchTermNumberInThePage" time="3.587"/>
  <testcase classname="test.AvTest" name="SerchNewAdsAutoSound" time="3.732"/>
  <testcase classname="test.AvTest" name="complaintForAds" time="5.254"/>
</testsuite> <!-- Command line test -->
