<?xml version="1.0" encoding="UTF-8"?>
<!-- Generated by org.testng.reporters.JUnitReportReporter -->
<testsuite hostname="DESKTOP-PQRNELH" failures="0" tests="10" name="test.AvTest" time="64.361" errors="0" timestamp="2022-12-17T06:22:37 MSK" skipped="0">
  <testcase classname="test.AvTest" name="CheapAdsFromDriveMotors" time="5.056"/>
  <system-out/>
  <testcase classname="test.AvTest" name="BookmarkСars" time="9.344"/>
  <system-out/>
  <testcase classname="test.AvTest" name="HowMuchPerMonthIsTheLeasingFee" time="3.299"/>
  <system-out/>
  <testcase classname="test.AvTest" name="SerchNewAdsAutoSound" time="5.647"/>
  <system-out/>
  <testcase classname="test.AvTest" name="SaveSerachParametrs" time="7.361"/>
  <system-out/>
  <testcase classname="test.AvTest" name="SearchTermNumberInThePage" time="6.496"/>
  <system-out/>
  <testcase classname="test.AvTest" name="SearchAutoAudiAndBMWAndMercedes" time="6.326"/>
  <system-out/>
  <testcase classname="test.AvTest" name="complaintForAds" time="8.043"/>
  <system-out/>
  <testcase classname="test.AvTest" name="SearchAutoAudi" time="4.900"/>
  <system-out/>
  <testcase classname="test.AvTest" name="AddCommentToAd" time="7.889"/>
  <system-out/>
</testsuite> <!-- test.AvTest -->
