<?xml version="1.0" encoding="UTF-8"?>
<!-- Generated by org.testng.reporters.JUnitXMLReporter -->
<testsuite ignored="0" hostname="DESKTOP-PQRNELH" failures="0" tests="10" name="Command line test" time="64.39" errors="0" timestamp="2022-12-17T06:22:37 MSK">
  <testcase classname="test.AvTest" name="AddCommentToAd" time="6.954"/>
  <testcase classname="test.AvTest" name="BookmarkСars" time="8.443"/>
  <testcase classname="test.AvTest" name="CheapAdsFromDriveMotors" time="4.102"/>
  <testcase classname="test.AvTest" name="HowMuchPerMonthIsTheLeasingFee" time="2.341"/>
  <testcase classname="test.AvTest" name="SaveSerachParametrs" time="6.45"/>
  <testcase classname="test.AvTest" name="SearchAutoAudi" time="3.941"/>
  <testcase classname="test.AvTest" name="SearchAutoAudiAndBMWAndMercedes" time="5.401"/>
  <testcase classname="test.AvTest" name="SearchTermNumberInThePage" time="5.603"/>
  <testcase classname="test.AvTest" name="SerchNewAdsAutoSound" time="3.873"/>
  <testcase classname="test.AvTest" name="complaintForAds" time="7.144"/>
</testsuite> <!-- Command line test -->
