<?xml version="1.0" encoding="UTF-8"?>
<testng-results ignored="0" total="10" passed="10" failed="0" skipped="0">
  <reporter-output>
  </reporter-output>
  <suite started-at="2022-12-17T03:53:23 MSK" name="Command line suite" finished-at="2022-12-17T03:54:21 MSK" duration-ms="57588">
    <groups>
    </groups>
    <test started-at="2022-12-17T03:53:23 MSK" name="Command line test" finished-at="2022-12-17T03:54:21 MSK" duration-ms="57588">
      <class name="test.AvTest">
        <test-method is-config="true" signature="setUp()[pri:0, instance:test.AvTest@212bf671]" started-at="2022-12-17T03:53:23 MSK" name="setUp" finished-at="2022-12-17T03:53:25 MSK" duration-ms="1648" status="PASS">
          <reporter-output>
          </reporter-output>
        </test-method> <!-- setUp -->
        <test-method signature="AddCommentToAd()[pri:0, instance:test.AvTest@212bf671]" started-at="2022-12-17T03:53:25 MSK" name="AddCommentToAd" finished-at="2022-12-17T03:53:31 MSK" duration-ms="6729" status="PASS">
          <reporter-output>
          </reporter-output>
        </test-method> <!-- AddCommentToAd -->
        <test-method is-config="true" signature="stopBrowser()[pri:0, instance:test.AvTest@212bf671]" started-at="2022-12-17T03:53:31 MSK" name="stopBrowser" finished-at="2022-12-17T03:53:31 MSK" duration-ms="136" status="PASS">
          <reporter-output>
          </reporter-output>
        </test-method> <!-- stopBrowser -->
        <test-method is-config="true" signature="setUp()[pri:0, instance:test.AvTest@212bf671]" started-at="2022-12-17T03:53:31 MSK" name="setUp" finished-at="2022-12-17T03:53:32 MSK" duration-ms="818" status="PASS">
          <reporter-output>
          </reporter-output>
        </test-method> <!-- setUp -->
        <test-method signature="BookmarkСars()[pri:0, instance:test.AvTest@212bf671]" started-at="2022-12-17T03:53:32 MSK" name="BookmarkСars" finished-at="2022-12-17T03:53:39 MSK" duration-ms="6750" status="PASS">
          <reporter-output>
          </reporter-output>
        </test-method> <!-- BookmarkСars -->
        <test-method is-config="true" signature="stopBrowser()[pri:0, instance:test.AvTest@212bf671]" started-at="2022-12-17T03:53:39 MSK" name="stopBrowser" finished-at="2022-12-17T03:53:39 MSK" duration-ms="187" status="PASS">
          <reporter-output>
          </reporter-output>
        </test-method> <!-- stopBrowser -->
        <test-method is-config="true" signature="setUp()[pri:0, instance:test.AvTest@212bf671]" started-at="2022-12-17T03:53:39 MSK" name="setUp" finished-at="2022-12-17T03:53:40 MSK" duration-ms="750" status="PASS">
          <reporter-output>
          </reporter-output>
        </test-method> <!-- setUp -->
        <test-method signature="CheapAdsFromDriveMotors()[pri:0, instance:test.AvTest@212bf671]" started-at="2022-12-17T03:53:40 MSK" name="CheapAdsFromDriveMotors" finished-at="2022-12-17T03:53:44 MSK" duration-ms="3848" status="PASS">
          <reporter-output>
          </reporter-output>
        </test-method> <!-- CheapAdsFromDriveMotors -->
        <test-method is-config="true" signature="stopBrowser()[pri:0, instance:test.AvTest@212bf671]" started-at="2022-12-17T03:53:44 MSK" name="stopBrowser" finished-at="2022-12-17T03:53:44 MSK" duration-ms="130" status="PASS">
          <reporter-output>
          </reporter-output>
        </test-method> <!-- stopBrowser -->
        <test-method is-config="true" signature="setUp()[pri:0, instance:test.AvTest@212bf671]" started-at="2022-12-17T03:53:44 MSK" name="setUp" finished-at="2022-12-17T03:53:45 MSK" duration-ms="742" status="PASS">
          <reporter-output>
          </reporter-output>
        </test-method> <!-- setUp -->
        <test-method signature="HowMuchPerMonthIsTheLeasingFee()[pri:0, instance:test.AvTest@212bf671]" started-at="2022-12-17T03:53:45 MSK" name="HowMuchPerMonthIsTheLeasingFee" finished-at="2022-12-17T03:53:47 MSK" duration-ms="1932" status="PASS">
          <reporter-output>
          </reporter-output>
        </test-method> <!-- HowMuchPerMonthIsTheLeasingFee -->
        <test-method is-config="true" signature="stopBrowser()[pri:0, instance:test.AvTest@212bf671]" started-at="2022-12-17T03:53:47 MSK" name="stopBrowser" finished-at="2022-12-17T03:53:47 MSK" duration-ms="151" status="PASS">
          <reporter-output>
          </reporter-output>
        </test-method> <!-- stopBrowser -->
        <test-method is-config="true" signature="setUp()[pri:0, instance:test.AvTest@212bf671]" started-at="2022-12-17T03:53:47 MSK" name="setUp" finished-at="2022-12-17T03:53:48 MSK" duration-ms="743" status="PASS">
          <reporter-output>
          </reporter-output>
        </test-method> <!-- setUp -->
        <test-method signature="SaveSerachParametrs()[pri:0, instance:test.AvTest@212bf671]" started-at="2022-12-17T03:53:48 MSK" name="SaveSerachParametrs" finished-at="2022-12-17T03:53:53 MSK" duration-ms="5777" status="PASS">
          <reporter-output>
          </reporter-output>
        </test-method> <!-- SaveSerachParametrs -->
        <test-method is-config="true" signature="stopBrowser()[pri:0, instance:test.AvTest@212bf671]" started-at="2022-12-17T03:53:53 MSK" name="stopBrowser" finished-at="2022-12-17T03:53:53 MSK" duration-ms="123" status="PASS">
          <reporter-output>
          </reporter-output>
        </test-method> <!-- stopBrowser -->
        <test-method is-config="true" signature="setUp()[pri:0, instance:test.AvTest@212bf671]" started-at="2022-12-17T03:53:53 MSK" name="setUp" finished-at="2022-12-17T03:53:54 MSK" duration-ms="734" status="PASS">
          <reporter-output>
          </reporter-output>
        </test-method> <!-- setUp -->
        <test-method signature="SearchAutoAudi()[pri:0, instance:test.AvTest@212bf671]" started-at="2022-12-17T03:53:54 MSK" name="SearchAutoAudi" finished-at="2022-12-17T03:53:57 MSK" duration-ms="3045" status="PASS">
          <reporter-output>
          </reporter-output>
        </test-method> <!-- SearchAutoAudi -->
        <test-method is-config="true" signature="stopBrowser()[pri:0, instance:test.AvTest@212bf671]" started-at="2022-12-17T03:53:57 MSK" name="stopBrowser" finished-at="2022-12-17T03:53:57 MSK" duration-ms="154" status="PASS">
          <reporter-output>
          </reporter-output>
        </test-method> <!-- stopBrowser -->
        <test-method is-config="true" signature="setUp()[pri:0, instance:test.AvTest@212bf671]" started-at="2022-12-17T03:53:57 MSK" name="setUp" finished-at="2022-12-17T03:53:58 MSK" duration-ms="735" status="PASS">
          <reporter-output>
          </reporter-output>
        </test-method> <!-- setUp -->
        <test-method signature="SearchAutoAudiAndBMWAndMercedes()[pri:0, instance:test.AvTest@212bf671]" started-at="2022-12-17T03:53:58 MSK" name="SearchAutoAudiAndBMWAndMercedes" finished-at="2022-12-17T03:54:04 MSK" duration-ms="5698" status="PASS">
          <reporter-output>
          </reporter-output>
        </test-method> <!-- SearchAutoAudiAndBMWAndMercedes -->
        <test-method is-config="true" signature="stopBrowser()[pri:0, instance:test.AvTest@212bf671]" started-at="2022-12-17T03:54:04 MSK" name="stopBrowser" finished-at="2022-12-17T03:54:04 MSK" duration-ms="124" status="PASS">
          <reporter-output>
          </reporter-output>
        </test-method> <!-- stopBrowser -->
        <test-method is-config="true" signature="setUp()[pri:0, instance:test.AvTest@212bf671]" started-at="2022-12-17T03:54:04 MSK" name="setUp" finished-at="2022-12-17T03:54:05 MSK" duration-ms="745" status="PASS">
          <reporter-output>
          </reporter-output>
        </test-method> <!-- setUp -->
        <test-method signature="SearchTermNumberInThePage()[pri:0, instance:test.AvTest@212bf671]" started-at="2022-12-17T03:54:05 MSK" name="SearchTermNumberInThePage" finished-at="2022-12-17T03:54:08 MSK" duration-ms="3658" status="PASS">
          <reporter-output>
          </reporter-output>
        </test-method> <!-- SearchTermNumberInThePage -->
        <test-method is-config="true" signature="stopBrowser()[pri:0, instance:test.AvTest@212bf671]" started-at="2022-12-17T03:54:08 MSK" name="stopBrowser" finished-at="2022-12-17T03:54:08 MSK" duration-ms="169" status="PASS">
          <reporter-output>
          </reporter-output>
        </test-method> <!-- stopBrowser -->
        <test-method is-config="true" signature="setUp()[pri:0, instance:test.AvTest@212bf671]" started-at="2022-12-17T03:54:08 MSK" name="setUp" finished-at="2022-12-17T03:54:09 MSK" duration-ms="721" status="PASS">
          <reporter-output>
          </reporter-output>
        </test-method> <!-- setUp -->
        <test-method signature="SerchNewAdsAutoSound()[pri:0, instance:test.AvTest@212bf671]" started-at="2022-12-17T03:54:09 MSK" name="SerchNewAdsAutoSound" finished-at="2022-12-17T03:54:13 MSK" duration-ms="4185" status="PASS">
          <reporter-output>
          </reporter-output>
        </test-method> <!-- SerchNewAdsAutoSound -->
        <test-method is-config="true" signature="stopBrowser()[pri:0, instance:test.AvTest@212bf671]" started-at="2022-12-17T03:54:13 MSK" name="stopBrowser" finished-at="2022-12-17T03:54:14 MSK" duration-ms="132" status="PASS">
          <reporter-output>
          </reporter-output>
        </test-method> <!-- stopBrowser -->
        <test-method is-config="true" signature="setUp()[pri:0, instance:test.AvTest@212bf671]" started-at="2022-12-17T03:54:14 MSK" name="setUp" finished-at="2022-12-17T03:54:14 MSK" duration-ms="737" status="PASS">
          <reporter-output>
          </reporter-output>
        </test-method> <!-- setUp -->
        <test-method signature="complaintForAds()[pri:0, instance:test.AvTest@212bf671]" started-at="2022-12-17T03:54:14 MSK" name="complaintForAds" finished-at="2022-12-17T03:54:20 MSK" duration-ms="6116" status="PASS">
          <reporter-output>
          </reporter-output>
        </test-method> <!-- complaintForAds -->
        <test-method is-config="true" signature="stopBrowser()[pri:0, instance:test.AvTest@212bf671]" started-at="2022-12-17T03:54:20 MSK" name="stopBrowser" finished-at="2022-12-17T03:54:21 MSK" duration-ms="141" status="PASS">
          <reporter-output>
          </reporter-output>
        </test-method> <!-- stopBrowser -->
      </class> <!-- test.AvTest -->
    </test> <!-- Command line test -->
  </suite> <!-- Command line suite -->
</testng-results>
