<?xml version="1.0" encoding="UTF-8"?>
<testng-results ignored="0" total="1" passed="1" failed="0" skipped="0">
  <reporter-output>
  </reporter-output>
  <suite started-at="2022-12-17T05:45:27 MSK" name="Command line suite" finished-at="2022-12-17T05:45:35 MSK" duration-ms="8359">
    <groups>
    </groups>
    <test started-at="2022-12-17T05:45:27 MSK" name="Command line test" finished-at="2022-12-17T05:45:35 MSK" duration-ms="8359">
      <class name="test.AvTest">
        <test-method is-config="true" signature="setUp()[pri:0, instance:test.AvTest@123f1134]" started-at="2022-12-17T05:45:27 MSK" name="setUp" finished-at="2022-12-17T05:45:29 MSK" duration-ms="2111" status="PASS">
          <reporter-output>
          </reporter-output>
        </test-method> <!-- setUp -->
        <test-method signature="SaveSerachParametrs()[pri:0, instance:test.AvTest@123f1134]" started-at="2022-12-17T05:45:29 MSK" name="SaveSerachParametrs" finished-at="2022-12-17T05:45:35 MSK" duration-ms="6093" status="PASS">
          <reporter-output>
          </reporter-output>
        </test-method> <!-- SaveSerachParametrs -->
        <test-method is-config="true" signature="stopBrowser()[pri:0, instance:test.AvTest@123f1134]" started-at="2022-12-17T05:45:35 MSK" name="stopBrowser" finished-at="2022-12-17T05:45:35 MSK" duration-ms="129" status="PASS">
          <reporter-output>
          </reporter-output>
        </test-method> <!-- stopBrowser -->
      </class> <!-- test.AvTest -->
    </test> <!-- Command line test -->
  </suite> <!-- Command line suite -->
</testng-results>
